#
# There is insufficient memory for the Java Runtime Environment to continue.
# Native memory allocation (malloc) failed to allocate 1048576 bytes for AllocateHeap
# Possible reasons:
#   The system is out of physical RAM or swap space
#   In 32 bit mode, the process size limit was hit
# Possible solutions:
#   Reduce memory load on the system
#   Increase physical memory or swap space
#   Check if swap backing store is full
#   Use 64 bit Java on a 64 bit OS
#   Decrease Java heap size (-Xmx/-Xms)
#   Decrease number of Java threads
#   Decrease Java thread stack sizes (-Xss)
#   Set larger code cache with -XX:ReservedCodeCacheSize=
# This output file may be truncated or incomplete.
#
#  Out of Memory Error (memory/allocation.inline.hpp:61), pid=30364, tid=0x000000000000b404
#
# JRE version:  (8.0_131-b11) (build )
# Java VM: Java HotSpot(TM) 64-Bit Server VM (25.131-b11 mixed mode windows-amd64 compressed oops)
# Failed to write core dump. Minidumps are not enabled by default on client versions of Windows
#

---------------  T H R E A D  ---------------

Current thread (0x0000000003659000):  JavaThread "Unknown thread" [_thread_in_vm, id=46084, stack(0x0000000003550000,0x0000000003650000)]

Stack: [0x0000000003550000,0x0000000003650000]
[error occurred during error reporting (printing stack bounds), id 0xc0000005]

Native frames: (J=compiled Java code, j=interpreted, Vv=VM code, C=native code)


---------------  P R O C E S S  ---------------

Java Threads: ( => current thread )

Other Threads:

=>0x0000000003659000 (exited) JavaThread "Unknown thread" [_thread_in_vm, id=46084, stack(0x0000000003550000,0x0000000003650000)]

VM state:not at safepoint (normal execution)

VM Mutex/Monitor currently owned by a thread: None

Heap:
 PSYoungGen      total 76288K, used 1310K [0x000000076b400000, 0x0000000770900000, 0x00000007c0000000)
  eden space 65536K, 2% used [0x000000076b400000,0x000000076b547af0,0x000000076f400000)
  from space 10752K, 0% used [0x000000076fe80000,0x000000076fe80000,0x0000000770900000)
  to   space 10752K, 0% used [0x000000076f400000,0x000000076f400000,0x000000076fe80000)
 ParOldGen       total 175104K, used 0K [0x00000006c1c00000, 0x00000006cc700000, 0x000000076b400000)
  object space 175104K, 0% used [0x00000006c1c00000,0x00000006c1c00000,0x00000006cc700000)
 Metaspace       used 770K, capacity 4480K, committed 4480K, reserved 1056768K
  class space    used 75K, capacity 384K, committed 384K, reserved 1048576K

Card table byte_map: [0x0000000012d10000,0x0000000013510000] byte_map_base: 0x000000000f702000

Marking Bits: (ParMarkBitMap*) 0x000000005516c720
 Begin Bits: [0x0000000014260000, 0x00000000181f0000)
 End Bits:   [0x00000000181f0000, 0x000000001c180000)

Polling page: 0x0000000001410000

CodeCache: size=245760Kb used=328Kb max_used=328Kb free=245431Kb
 bounds [0x0000000003950000, 0x0000000003bc0000, 0x0000000012950000]
 total_blobs=58 nmethods=0 adapters=38
 compilation: enabled

Compilation events (0 events):
No events

GC Heap History (0 events):
No events

Deoptimization events (0 events):
No events

Internal exceptions (0 events):
No events

Events (10 events):
Event: 0.028 loading class java/lang/Short
Event: 0.028 loading class java/lang/Short done
Event: 0.028 loading class java/lang/Integer
Event: 0.028 loading class java/lang/Integer done
Event: 0.028 loading class java/lang/Long
Event: 0.029 loading class java/lang/Long done
Event: 0.029 loading class java/lang/NullPointerException
Event: 0.029 loading class java/lang/NullPointerException done
Event: 0.029 loading class java/lang/ArithmeticException
Event: 0.029 loading class java/lang/ArithmeticException done


Dynamic libraries:
0x00007ff6a1320000 - 0x00007ff6a1357000 	D:\javaPath\jdk\bin\java.exe
0x00007ffcd6500000 - 0x00007ffcd66f0000 	C:\WINDOWS\SYSTEM32\ntdll.dll
0x00007ffcd56f0000 - 0x00007ffcd57a2000 	C:\WINDOWS\System32\KERNEL32.DLL
0x00007ffcd3ff0000 - 0x00007ffcd4295000 	C:\WINDOWS\System32\KERNELBASE.dll
0x00007ffcd4df0000 - 0x00007ffcd4e93000 	C:\WINDOWS\System32\ADVAPI32.dll
0x00007ffcd5ea0000 - 0x00007ffcd5f3e000 	C:\WINDOWS\System32\msvcrt.dll
0x00007ffcd47f0000 - 0x00007ffcd4887000 	C:\WINDOWS\System32\sechost.dll
0x00007ffcd55d0000 - 0x00007ffcd56f0000 	C:\WINDOWS\System32\RPCRT4.dll
0x00007ffcd4c50000 - 0x00007ffcd4de5000 	C:\WINDOWS\System32\USER32.dll
0x00007ffcd4580000 - 0x00007ffcd45a1000 	C:\WINDOWS\System32\win32u.dll
0x00007ffcd4610000 - 0x00007ffcd4636000 	C:\WINDOWS\System32\GDI32.dll
0x00007ffcd3e50000 - 0x00007ffcd3fe6000 	C:\WINDOWS\System32\gdi32full.dll
0x00007ffcd3490000 - 0x00007ffcd352e000 	C:\WINDOWS\System32\msvcp_win.dll
0x00007ffcd4460000 - 0x00007ffcd455a000 	C:\WINDOWS\System32\ucrtbase.dll
0x00007ffcc3d30000 - 0x00007ffcc3fb4000 	C:\WINDOWS\WinSxS\amd64_microsoft.windows.common-controls_6595b64144ccf1df_6.0.18362.1082_none_9e8193e1e45b25c1\COMCTL32.dll
0x00007ffcd6020000 - 0x00007ffcd6355000 	C:\WINDOWS\System32\combase.dll
0x00007ffcd43e0000 - 0x00007ffcd4460000 	C:\WINDOWS\System32\bcryptPrimitives.dll
0x00007ffcd46e0000 - 0x00007ffcd470e000 	C:\WINDOWS\System32\IMM32.DLL
0x0000000056aa0000 - 0x0000000056b72000 	D:\javaPath\jdk\jre\bin\msvcr100.dll
0x0000000054950000 - 0x00000000551ec000 	D:\javaPath\jdk\jre\bin\server\jvm.dll
0x00007ffcd5f40000 - 0x00007ffcd5f48000 	C:\WINDOWS\System32\PSAPI.DLL
0x00007ffcc9b60000 - 0x00007ffcc9b84000 	C:\WINDOWS\SYSTEM32\WINMM.dll
0x00007ffcce8f0000 - 0x00007ffcce8fa000 	C:\WINDOWS\SYSTEM32\VERSION.dll
0x00007ffccf6f0000 - 0x00007ffccf6f9000 	C:\WINDOWS\SYSTEM32\WSOCK32.dll
0x00007ffcd4be0000 - 0x00007ffcd4c4f000 	C:\WINDOWS\System32\WS2_32.dll
0x00007ffcc9910000 - 0x00007ffcc993d000 	C:\WINDOWS\SYSTEM32\WINMMBASE.dll
0x00007ffcd3e00000 - 0x00007ffcd3e4a000 	C:\WINDOWS\System32\cfgmgr32.dll
0x0000000056a90000 - 0x0000000056a9f000 	D:\javaPath\jdk\jre\bin\verify.dll
0x0000000056a60000 - 0x0000000056a89000 	D:\javaPath\jdk\jre\bin\java.dll
0x00000000569d0000 - 0x00000000569f3000 	D:\javaPath\jdk\jre\bin\instrument.dll
0x0000000056a40000 - 0x0000000056a56000 	D:\javaPath\jdk\jre\bin\zip.dll

VM Arguments:
jvm_args: -ea -Didea.test.cyclic.buffer.size=1048576 -javaagent:F:\IntelliJ IDEA 2019.3.3\lib\idea_rt.jar=4896:F:\IntelliJ IDEA 2019.3.3\bin -Dfile.encoding=UTF-8 
java_command: com.intellij.rt.junit.JUnitStarter -ideVersion5 -junit5 com.gzkemays.mushroom.signin.SigninApplicationTests,contextLoads
java_class_path (initial): F:\IntelliJ IDEA 2019.3.3\lib\idea_rt.jar;F:\IntelliJ IDEA 2019.3.3\plugins\junit\lib\junit5-rt.jar;F:\IntelliJ IDEA 2019.3.3\plugins\junit\lib\junit-rt.jar;D:\javaPath\jdk\jre\lib\charsets.jar;D:\javaPath\jdk\jre\lib\deploy.jar;D:\javaPath\jdk\jre\lib\ext\access-bridge-64.jar;D:\javaPath\jdk\jre\lib\ext\cldrdata.jar;D:\javaPath\jdk\jre\lib\ext\dnsns.jar;D:\javaPath\jdk\jre\lib\ext\jaccess.jar;D:\javaPath\jdk\jre\lib\ext\jfxrt.jar;D:\javaPath\jdk\jre\lib\ext\localedata.jar;D:\javaPath\jdk\jre\lib\ext\nashorn.jar;D:\javaPath\jdk\jre\lib\ext\sunec.jar;D:\javaPath\jdk\jre\lib\ext\sunjce_provider.jar;D:\javaPath\jdk\jre\lib\ext\sunmscapi.jar;D:\javaPath\jdk\jre\lib\ext\sunpkcs11.jar;D:\javaPath\jdk\jre\lib\ext\zipfs.jar;D:\javaPath\jdk\jre\lib\javaws.jar;D:\javaPath\jdk\jre\lib\jce.jar;D:\javaPath\jdk\jre\lib\jfr.jar;D:\javaPath\jdk\jre\lib\jfxswt.jar;D:\javaPath\jdk\jre\lib\jsse.jar;D:\javaPath\jdk\jre\lib\management-agent.jar;D:\javaPath\jdk\jre\lib\plugin.jar;D:\javaPath\jdk\jre\lib\resources.jar;D:\javaPath\jdk\jre\lib\rt.jar;D:\ProjectLearn\mushroom\target\test-classes;D:\ProjectLearn\mushroom\target\classes;D:\MavenJar\org\springframework\boot\spring-boot-starter-data-jpa\2.3.1.RELEASE\spring-boot-starter-data-jpa-2.3.1.RELEASE.jar;D:\MavenJar\org\springframework\boot\spring-boot-starter-aop\2.3.1.RELEASE\spring-boot-starter-aop-2.3.1.RELEASE.jar;D:\MavenJar\org\springframework\spring-aop\5.2.7.RELEASE\spring-aop-5.2.7.RELEASE.jar;D:\MavenJar\org\aspectj\aspectjweaver\1.9.5\aspectjweaver-1.9.5.jar;D:\MavenJar\org\springframework\boot\spring-boot-starter-jdbc\2.3.1.RELEASE\spring-boot-starter-jdbc-2.3.1.RELEASE.jar;D:\MavenJar\com\zaxxer\HikariCP\3.4.5\HikariCP-3.4.5.jar;D:\MavenJar\org\springframework\spring-jdbc\5.2.7.RELEASE\spring-jdbc-5.2.7.RELEASE.jar;D:\MavenJar\jakarta\transaction\jakarta.transaction-api\1.3.3\jakarta.transaction-api-1.3.3.jar;D:\MavenJar\jakarta\persistence\jakarta.persistence-api\2.2.3\jakarta.persistence-api-
Launcher Type: SUN_STANDARD

Environment Variables:
JAVA_HOME=D:\javaPath\jdk
CLASSPATH=. ;D:\javaPath\jdk\lib\dt.jar;D:\javaPath\jdk\lib\tools.jar;
PATH=C:\Program Files (x86)\Common Files\Oracle\Java\javapath;C:\ProgramData\Oracle\Java\javapath;C:\WINDOWS\system32;C:\WINDOWS;C:\WINDOWS\System32\Wbem;C:\WINDOWS\System32\WindowsPowerShell\v1.0\;D:\javaPath\jdk\bin;D:\javaPath\jdk\jre\bin;";D:\mysql\mysql-8.0.18-winx64\bin";C:\WINDOWS\System32\OpenSSH\;C:\Program Files (x86)\NVIDIA Corporation\PhysX\Common;C:\Program Files\NVIDIA Corporation\NVIDIA NvDLISR;F:\Git\cmd;F:\node;F:\node\node_global;F:\node\node_global\node_modules\@vue;C:\Users\gzkemays\AppData\Roaming\npm;F:\IntelliJ IDEA 2019.3.3\plugins\maven\lib\maven3\bin;D:\xampp\php\pip.ini;D:\xampp\php;F:\New Folder\;C:\Program Files\TortoiseSVN\bin;C:\Users\gzkemays\Desktop\mysql-connector-java-8.0.19.jar;C:\Program Files (x86)\Microsoft SQL Server\100\Tools\Binn\;C:\Program Files\Microsoft SQL Server\100\Tools\Binn\;C:\Program Files\Microsoft SQL Server\100\DTS\Binn\;C:\Program Files (x86)\Microsoft SQL Server\100\Tools\Binn\VSShell\Common7\IDE\;C:\Program Files (x86)\Microsoft SQL Server\100\DTS\Binn\;";F:\mysql5.7\mysql-5.7.31-win32\bin";F:\VisualSVN Server\bin;F:\python\Scripts\;F:\python\;C:\Users\gzkemays\AppData\Local\Microsoft\WindowsApps;F:\IntelliJ IDEA 2019.3.3\bin;F:\Microsoft VS Code\bin;C:\Users\gzkemays\AppData\Roaming\npm;F:\WebStorm 2019.3.3\bin;C:\Program Files (x86)\Google\Chrome\Application;C:\Users\gzkemays\AppData\Local\ComposerSetup\bin;C:\Users\gzkemays\AppData\Roaming\Composer\vendor\bin;C:\Users\gzkemays\AppData\Local\GitHubDesktop\bin
USERNAME=gzkemays
OS=Windows_NT
PROCESSOR_IDENTIFIER=Intel64 Family 6 Model 158 Stepping 9, GenuineIntel



---------------  S Y S T E M  ---------------

OS: Windows 10.0 , 64 bit Build 18362 (10.0.18362.1082)

CPU:total 8 (initial active 8) (4 cores per cpu, 2 threads per core) family 6 model 158 stepping 9, cmov, cx8, fxsr, mmx, sse, sse2, sse3, ssse3, sse4.1, sse4.2, popcnt, avx, avx2, aes, clmul, erms, 3dnowpref, lzcnt, ht, tsc, tscinvbit, bmi1, bmi2, adx

Memory: 4k page, physical 16655548k(3600220k free), swap 25044156k(5708k free)

vm_info: Java HotSpot(TM) 64-Bit Server VM (25.131-b11) for windows-amd64 JRE (1.8.0_131-b11), built on Mar 15 2017 01:23:53 by "java_re" with MS VC++ 10.0 (VS2010)

time: Tue Sep 29 12:43:26 2020
elapsed time: 0 seconds (0d 0h 0m 0s)

