#
# There is insufficient memory for the Java Runtime Environment to continue.
# Native memory allocation (malloc) failed to allocate 295844 bytes for unable to allocate cached copy of original class bytes
# Possible reasons:
#   The system is out of physical RAM or swap space
#   In 32 bit mode, the process size limit was hit
# Possible solutions:
#   Reduce memory load on the system
#   Increase physical memory or swap space
#   Check if swap backing store is full
#   Use 64 bit Java on a 64 bit OS
#   Decrease Java heap size (-Xmx/-Xms)
#   Decrease number of Java threads
#   Decrease Java thread stack sizes (-Xss)
#   Set larger code cache with -XX:ReservedCodeCacheSize=
# This output file may be truncated or incomplete.
#
#  Out of Memory Error (jvmtiExport.cpp:627), pid=24176, tid=0x0000000000008e1c
#
# JRE version: Java(TM) SE Runtime Environment (8.0_131-b11) (build 1.8.0_131-b11)
# Java VM: Java HotSpot(TM) 64-Bit Server VM (25.131-b11 mixed mode windows-amd64 compressed oops)
# Failed to write core dump. Minidumps are not enabled by default on client versions of Windows
#

---------------  T H R E A D  ---------------

Current thread (0x0000000002837000):  JavaThread "main" [_thread_in_native, id=36380, stack(0x0000000002730000,0x0000000002830000)]

Stack: [0x0000000002730000,0x0000000002830000]
[error occurred during error reporting (printing stack bounds), id 0xc0000005]

Native frames: (J=compiled Java code, j=interpreted, Vv=VM code, C=native code)

Java frames: (J=compiled Java code, j=interpreted, Vv=VM code)
J 1982  java.lang.Class.forName0(Ljava/lang/String;ZLjava/lang/ClassLoader;Ljava/lang/Class;)Ljava/lang/Class; (0 bytes) @ 0x0000000002f8b147 [0x0000000002f8b0c0+0x87]
J 2311 C1 java.lang.Class.forName(Ljava/lang/String;ZLjava/lang/ClassLoader;)Ljava/lang/Class; (58 bytes) @ 0x000000000301ce64 [0x000000000301cc00+0x264]
j  sun.nio.cs.AbstractCharsetProvider.lookup(Ljava/lang/String;)Ljava/nio/charset/Charset;+100
j  sun.nio.cs.AbstractCharsetProvider.charsetForName(Ljava/lang/String;)Ljava/nio/charset/Charset;+17
j  java.nio.charset.Charset.lookupExtendedCharset(Ljava/lang/String;)Ljava/nio/charset/Charset;+10
j  java.nio.charset.Charset.lookup2(Ljava/lang/String;)Ljava/nio/charset/Charset;+57
j  java.nio.charset.Charset.lookup(Ljava/lang/String;)Ljava/nio/charset/Charset;+55
j  java.nio.charset.Charset.forName(Ljava/lang/String;)Ljava/nio/charset/Charset;+1
j  com.mysql.cj.MysqlCharset.<init>(Ljava/lang/String;II[Ljava/lang/String;Lcom/mysql/cj/ServerVersion;)V+50
j  com.mysql.cj.CharsetMapping.<clinit>()V+251
v  ~StubRoutines::call_stub
j  com.mysql.cj.protocol.AuthenticationProvider.getCharsetForHandshake(Ljava/lang/String;Lcom/mysql/cj/ServerVersion;)B+8
j  com.mysql.cj.protocol.a.NativeAuthenticationProvider.createHandshakeResponsePacket(Lcom/mysql/cj/protocol/ServerSession;Ljava/lang/String;Ljava/lang/String;Ljava/lang/String;Ljava/util/ArrayList;)Lcom/mysql/cj/protocol/a/NativePacketPayload;+89
j  com.mysql.cj.protocol.a.NativeAuthenticationProvider.proceedHandshakeWithPluggableAuthentication(Lcom/mysql/cj/protocol/ServerSession;Ljava/lang/String;Ljava/lang/String;Ljava/lang/String;Lcom/mysql/cj/protocol/a/NativePacketPayload;)V+513
j  com.mysql.cj.protocol.a.NativeAuthenticationProvider.connect(Lcom/mysql/cj/protocol/ServerSession;Ljava/lang/String;Ljava/lang/String;Ljava/lang/String;)V+767
j  com.mysql.cj.protocol.a.NativeProtocol.connect(Ljava/lang/String;Ljava/lang/String;Ljava/lang/String;)V+19
j  com.mysql.cj.NativeSession.connect(Lcom/mysql/cj/conf/HostInfo;Ljava/lang/String;Ljava/lang/String;Ljava/lang/String;ILcom/mysql/cj/TransactionEventHandler;)V+114
j  com.mysql.cj.jdbc.ConnectionImpl.connectOneTryOnly(Z)V+35
j  com.mysql.cj.jdbc.ConnectionImpl.createNewIO(Z)V+34
j  com.mysql.cj.jdbc.ConnectionImpl.<init>(Lcom/mysql/cj/conf/HostInfo;)V+789
j  com.mysql.cj.jdbc.ConnectionImpl.getInstance(Lcom/mysql/cj/conf/HostInfo;)Lcom/mysql/cj/jdbc/JdbcConnection;+5
j  com.mysql.cj.jdbc.NonRegisteringDriver.connect(Ljava/lang/String;Ljava/util/Properties;)Ljava/sql/Connection;+80
j  com.alibaba.druid.filter.FilterChainImpl.connection_connect(Ljava/util/Properties;)Lcom/alibaba/druid/proxy/jdbc/ConnectionProxy;+50
j  com.alibaba.druid.filter.stat.StatFilter.connection_connect(Lcom/alibaba/druid/filter/FilterChain;Ljava/util/Properties;)Lcom/alibaba/druid/proxy/jdbc/ConnectionProxy;+44
j  com.alibaba.druid.filter.FilterChainImpl.connection_connect(Ljava/util/Properties;)Lcom/alibaba/druid/proxy/jdbc/ConnectionProxy;+21
j  com.alibaba.druid.pool.DruidAbstractDataSource.createPhysicalConnection(Ljava/lang/String;Ljava/util/Properties;)Ljava/sql/Connection;+40
j  com.alibaba.druid.pool.DruidAbstractDataSource.createPhysicalConnection()Lcom/alibaba/druid/pool/DruidAbstractDataSource$PhysicalConnectionInfo;+240
j  com.alibaba.druid.pool.DruidDataSource.init()V+1050
v  ~StubRoutines::call_stub
J 5395  sun.reflect.NativeMethodAccessorImpl.invoke0(Ljava/lang/reflect/Method;Ljava/lang/Object;[Ljava/lang/Object;)Ljava/lang/Object; (0 bytes) @ 0x00000000034dd33f [0x00000000034dd2c0+0x7f]
J 5394 C1 sun.reflect.NativeMethodAccessorImpl.invoke(Ljava/lang/Object;[Ljava/lang/Object;)Ljava/lang/Object; (104 bytes) @ 0x00000000034ddb4c [0x00000000034dd740+0x40c]
J 3671 C1 sun.reflect.DelegatingMethodAccessorImpl.invoke(Ljava/lang/Object;[Ljava/lang/Object;)Ljava/lang/Object; (10 bytes) @ 0x0000000003219464 [0x0000000003219420+0x44]
J 4220 C1 com.zeroturnaround.jrebelbase.facade.Forward.methodInvoke(Lcom/zeroturnaround/jrebelbase/k;Ljava/lang/Object;[Ljava/lang/Object;Ljava/lang/reflect/Method;)Ljava/lang/Object; (48 bytes) @ 0x00000000032f7714 [0x00000000032f7680+0x94]
J 4219 C1 java.lang.reflect.Method.invoke(Ljava/lang/Object;[Ljava/lang/Object;)Ljava/lang/Object; (69 bytes) @ 0x00000000032f721c [0x00000000032f70e0+0x13c]
j  org.springframework.beans.factory.support.AbstractAutowireCapableBeanFactory.invokeCustomInitMethod(Ljava/lang/String;Ljava/lang/Object;Lorg/springframework/beans/factory/support/RootBeanDefinition;)V+334
j  org.springframework.beans.factory.support.AbstractAutowireCapableBeanFactory.invokeInitMethods(Ljava/lang/String;Ljava/lang/Object;Lorg/springframework/beans/factory/support/RootBeanDefinition;)V+196
j  org.springframework.beans.factory.support.AbstractAutowireCapableBeanFactory.initializeBean(Ljava/lang/String;Ljava/lang/Object;Lorg/springframework/beans/factory/support/RootBeanDefinition;)Ljava/lang/Object;+63
j  org.springframework.beans.factory.support.AbstractAutowireCapableBeanFactory.doCreateBean(Ljava/lang/String;Lorg/springframework/beans/factory/support/RootBeanDefinition;[Ljava/lang/Object;)Ljava/lang/Object;+386
j  org.springframework.beans.factory.support.AbstractAutowireCapableBeanFactory.createBean(Ljava/lang/String;Lorg/springframework/beans/factory/support/RootBeanDefinition;[Ljava/lang/Object;)Ljava/lang/Object;+187
j  org.springframework.beans.factory.support.AbstractBeanFactory.lambda$doGetBean$0(Ljava/lang/String;Lorg/springframework/beans/factory/support/RootBeanDefinition;[Ljava/lang/Object;)Ljava/lang/Object;+4
j  org.springframework.beans.factory.support.AbstractBeanFactory$$Lambda$183.getObject()Ljava/lang/Object;+16
j  org.springframework.beans.factory.support.DefaultSingletonBeanRegistry.getSingleton(Ljava/lang/String;Lorg/springframework/beans/factory/ObjectFactory;)Ljava/lang/Object;+145
J 6075 C1 org.springframework.beans.factory.support.AbstractBeanFactory.doGetBean(Ljava/lang/String;Ljava/lang/Class;[Ljava/lang/Object;Z)Ljava/lang/Object; (1443 bytes) @ 0x000000000360a354 [0x0000000003609fe0+0x374]
j  org.springframework.beans.factory.support.AbstractBeanFactory.getBean(Ljava/lang/String;)Ljava/lang/Object;+9
j  org.springframework.beans.factory.config.DependencyDescriptor.resolveCandidate(Ljava/lang/String;Ljava/lang/Class;Lorg/springframework/beans/factory/BeanFactory;)Ljava/lang/Object;+6
j  org.springframework.beans.factory.support.DefaultListableBeanFactory.doResolveDependency(Lorg/springframework/beans/factory/config/DependencyDescriptor;Ljava/lang/String;Ljava/util/Set;Lorg/springframework/beans/TypeConverter;)Ljava/lang/Object;+450
j  org.springframework.beans.factory.support.DefaultListableBeanFactory.resolveDependency(Lorg/springframework/beans/factory/config/DependencyDescriptor;Ljava/lang/String;Ljava/util/Set;Lorg/springframework/beans/TypeConverter;)Ljava/lang/Object;+124
j  org.springframework.beans.factory.support.ConstructorResolver.resolveAutowiredArgument(Lorg/springframework/core/MethodParameter;Ljava/lang/String;Ljava/util/Set;Lorg/springframework/beans/TypeConverter;Z)Ljava/lang/Object;+96
j  org.springframework.beans.factory.support.ConstructorResolver.createArgumentArray(Ljava/lang/String;Lorg/springframework/beans/factory/support/RootBeanDefinition;Lorg/springframework/beans/factory/config/ConstructorArgumentValues;Lorg/springframework/beans/BeanWrapper;[Ljava/lang/Class;[Ljava/lang/String;Ljava/lang/reflect/Executable;ZZ)Lorg/springframework/beans/factory/support/ConstructorResolver$ArgumentsHolder;+466
j  org.springframework.beans.factory.support.ConstructorResolver.autowireConstructor(Ljava/lang/String;Lorg/springframework/beans/factory/support/RootBeanDefinition;[Ljava/lang/reflect/Constructor;[Ljava/lang/Object;)Lorg/springframework/beans/BeanWrapper;+584
j  org.springframework.beans.factory.support.AbstractAutowireCapableBeanFactory.autowireConstructor(Ljava/lang/String;Lorg/springframework/beans/factory/support/RootBeanDefinition;[Ljava/lang/reflect/Constructor;[Ljava/lang/Object;)Lorg/springframework/beans/BeanWrapper;+17
j  org.springframework.beans.factory.support.AbstractAutowireCapableBeanFactory.createBeanInstance(Ljava/lang/String;Lorg/springframework/beans/factory/support/RootBeanDefinition;[Ljava/lang/Object;)Lorg/springframework/beans/BeanWrapper;+243
j  org.springframework.beans.factory.support.AbstractAutowireCapableBeanFactory.doCreateBean(Ljava/lang/String;Lorg/springframework/beans/factory/support/RootBeanDefinition;[Ljava/lang/Object;)Ljava/lang/Object;+157
j  org.springframework.beans.factory.support.AbstractAutowireCapableBeanFactory.createBean(Ljava/lang/String;Lorg/springframework/beans/factory/support/RootBeanDefinition;[Ljava/lang/Object;)Ljava/lang/Object;+187
j  org.springframework.beans.factory.support.AbstractBeanFactory.lambda$doGetBean$0(Ljava/lang/String;Lorg/springframework/beans/factory/support/RootBeanDefinition;[Ljava/lang/Object;)Ljava/lang/Object;+4
j  org.springframework.beans.factory.support.AbstractBeanFactory$$Lambda$183.getObject()Ljava/lang/Object;+16
j  org.springframework.beans.factory.support.DefaultSingletonBeanRegistry.getSingleton(Ljava/lang/String;Lorg/springframework/beans/factory/ObjectFactory;)Ljava/lang/Object;+145
J 6075 C1 org.springframework.beans.factory.support.AbstractBeanFactory.doGetBean(Ljava/lang/String;Ljava/lang/Class;[Ljava/lang/Object;Z)Ljava/lang/Object; (1443 bytes) @ 0x000000000360a354 [0x0000000003609fe0+0x374]
j  org.springframework.beans.factory.support.AbstractBeanFactory.getBean(Ljava/lang/String;)Ljava/lang/Object;+9
j  org.springframework.beans.factory.support.ConstructorResolver.instantiateUsingFactoryMethod(Ljava/lang/String;Lorg/springframework/beans/factory/support/RootBeanDefinition;[Ljava/lang/Object;)Lorg/springframework/beans/BeanWrapper;+69
j  org.springframework.beans.factory.support.AbstractAutowireCapableBeanFactory.instantiateUsingFactoryMethod(Ljava/lang/String;Lorg/springframework/beans/factory/support/RootBeanDefinition;[Ljava/lang/Object;)Lorg/springframework/beans/BeanWrapper;+15
j  org.springframework.beans.factory.support.AbstractAutowireCapableBeanFactory.createBeanInstance(Ljava/lang/String;Lorg/springframework/beans/factory/support/RootBeanDefinition;[Ljava/lang/Object;)Lorg/springframework/beans/BeanWrapper;+114
j  org.springframework.beans.factory.support.AbstractAutowireCapableBeanFactory.doCreateBean(Ljava/lang/String;Lorg/springframework/beans/factory/support/RootBeanDefinition;[Ljava/lang/Object;)Ljava/lang/Object;+157
j  org.springframework.beans.factory.support.AbstractAutowireCapableBeanFactory.createBean(Ljava/lang/String;Lorg/springframework/beans/factory/support/RootBeanDefinition;[Ljava/lang/Object;)Ljava/lang/Object;+187
j  org.springframework.beans.factory.support.AbstractBeanFactory.lambda$doGetBean$0(Ljava/lang/String;Lorg/springframework/beans/factory/support/RootBeanDefinition;[Ljava/lang/Object;)Ljava/lang/Object;+4
j  org.springframework.beans.factory.support.AbstractBeanFactory$$Lambda$183.getObject()Ljava/lang/Object;+16
j  org.springframework.beans.factory.support.DefaultSingletonBeanRegistry.getSingleton(Ljava/lang/String;Lorg/springframework/beans/factory/ObjectFactory;)Ljava/lang/Object;+145
J 6075 C1 org.springframework.beans.factory.support.AbstractBeanFactory.doGetBean(Ljava/lang/String;Ljava/lang/Class;[Ljava/lang/Object;Z)Ljava/lang/Object; (1443 bytes) @ 0x000000000360a354 [0x0000000003609fe0+0x374]
j  org.springframework.beans.factory.support.AbstractBeanFactory.getBean(Ljava/lang/String;)Ljava/lang/Object;+9
j  org.springframework.context.support.AbstractApplicationContext.getBean(Ljava/lang/String;)Ljava/lang/Object;+13
j  org.springframework.context.support.AbstractApplicationContext.finishBeanFactoryInitialization(Lorg/springframework/beans/factory/config/ConfigurableListableBeanFactory;)V+116
j  org.springframework.context.support.AbstractApplicationContext.__refresh()V+61
j  org.springframework.context.support.AbstractApplicationContext.jrLockAndRefresh(Lorg/springframework/beans/JrBeanReloader;)V+6
j  org.springframework.context.support.AbstractApplicationContext.refresh()V+75
j  org.springframework.boot.web.servlet.context.ServletWebServerApplicationContext.refresh()V+1
j  org.springframework.boot.SpringApplication.refresh(Lorg/springframework/context/ConfigurableApplicationContext;)V+5
j  org.springframework.boot.SpringApplication.refresh(Lorg/springframework/context/ApplicationContext;)V+22
j  org.springframework.boot.SpringApplication.refreshContext(Lorg/springframework/context/ConfigurableApplicationContext;)V+2
j  org.springframework.boot.SpringApplication.run([Ljava/lang/String;)Lorg/springframework/context/ConfigurableApplicationContext;+128
j  org.springframework.boot.SpringApplication.run([Ljava/lang/Class;[Ljava/lang/String;)Lorg/springframework/context/ConfigurableApplicationContext;+9
j  org.springframework.boot.SpringApplication.run(Ljava/lang/Class;[Ljava/lang/String;)Lorg/springframework/context/ConfigurableApplicationContext;+9
j  com.gzkemays.mushroom_sign.SigninApplication.main([Ljava/lang/String;)V+13
v  ~StubRoutines::call_stub

---------------  P R O C E S S  ---------------

Java Threads: ( => current thread )
  0x0000000023e94000 JavaThread "mysql-cj-abandoned-connection-cleanup" daemon [_thread_blocked, id=45608, stack(0x000000002a930000,0x000000002aa30000)]
  0x0000000023e9a000 JavaThread "container-0" [_thread_blocked, id=42236, stack(0x000000002a830000,0x000000002a930000)]
  0x0000000023e99800 JavaThread "Catalina-utility-2" [_thread_blocked, id=47436, stack(0x0000000024ff0000,0x00000000250f0000)]
  0x0000000023e97000 JavaThread "Catalina-utility-1" [_thread_blocked, id=14096, stack(0x0000000021cf0000,0x0000000021df0000)]
  0x0000000023e8e000 JavaThread "JMX server connection timeout 270" daemon [_thread_blocked, id=33692, stack(0x0000000022d70000,0x0000000022e70000)]
  0x0000000023e8c800 JavaThread "RMI Scheduler(0)" daemon [_thread_blocked, id=42320, stack(0x0000000023070000,0x0000000023170000)]
  0x0000000020fea000 JavaThread "RMI TCP Connection(1)-26.190.185.246" daemon [_thread_in_native, id=48400, stack(0x0000000022c70000,0x0000000022d70000)]
  0x0000000020fe0800 JavaThread "RMI TCP Accept-0" daemon [_thread_in_native, id=25320, stack(0x000000001fa20000,0x000000001fb20000)]
  0x0000000020fe7000 JavaThread "rebel-IDENotificationsImpl-PostCycle" daemon [_thread_blocked, id=532, stack(0x0000000022a70000,0x0000000022b70000)]
  0x0000000020fe6800 JavaThread "rebel-messaging-executor-53" daemon [_thread_blocked, id=44752, stack(0x0000000022970000,0x0000000022a70000)]
  0x0000000020fe3800 JavaThread "Service Thread" daemon [_thread_blocked, id=10864, stack(0x00000000224f0000,0x00000000225f0000)]
  0x0000000021118800 JavaThread "C1 CompilerThread3" daemon [_thread_blocked, id=46428, stack(0x00000000223f0000,0x00000000224f0000)]
  0x0000000021115800 JavaThread "C2 CompilerThread2" daemon [_thread_blocked, id=42484, stack(0x00000000222f0000,0x00000000223f0000)]
  0x0000000021113000 JavaThread "C2 CompilerThread1" daemon [_thread_blocked, id=38508, stack(0x00000000221f0000,0x00000000222f0000)]
  0x0000000021112000 JavaThread "C2 CompilerThread0" daemon [_thread_blocked, id=18324, stack(0x00000000220f0000,0x00000000221f0000)]
  0x0000000020fdf000 JavaThread "Monitor Ctrl-Break" daemon [_thread_in_native, id=40364, stack(0x0000000021ff0000,0x00000000220f0000)]
  0x0000000020fe2800 JavaThread "pool-3-thread-1" daemon [_thread_blocked, id=42528, stack(0x0000000021bf0000,0x0000000021cf0000)]
  0x0000000020fdf800 JavaThread "rebel-change-detector-thread" daemon [_thread_blocked, id=28228, stack(0x0000000021af0000,0x0000000021bf0000)]
  0x0000000020fe5800 JavaThread "rebel-debugger-thread" daemon [_thread_blocked, id=16784, stack(0x0000000020320000,0x0000000020420000)]
  0x0000000020fe5000 JavaThread "rebel-debugger-attach-notifier" daemon [_thread_blocked, id=45792, stack(0x0000000020220000,0x0000000020320000)]
  0x000000001efc9800 JavaThread "rebel-heartbeat-thread" daemon [_thread_blocked, id=21308, stack(0x0000000020120000,0x0000000020220000)]
  0x000000001efc8800 JavaThread "rebel-redeploy-thread" daemon [_thread_blocked, id=6340, stack(0x000000001fb20000,0x000000001fc20000)]
  0x000000001efc7000 JavaThread "rebel-leaseManager-1" daemon [_thread_blocked, id=43156, stack(0x000000001f920000,0x000000001fa20000)]
  0x000000001efc8000 JavaThread "rebel-weak-reaper" daemon [_thread_blocked, id=28752, stack(0x000000001f620000,0x000000001f720000)]
  0x000000001efc4000 JavaThread "rebel-fsnotify-OutputReader" daemon [_thread_in_native, id=48028, stack(0x0000000020020000,0x0000000020120000)]
  0x000000001efc6800 JavaThread "rebel-fsnotify-OutputReader" daemon [_thread_in_native, id=38032, stack(0x000000001ff20000,0x0000000020020000)]
  0x000000001efc5800 JavaThread "rebel-fsnotify-ShutdownOnTermination" daemon [_thread_in_native, id=42360, stack(0x000000001fe20000,0x000000001ff20000)]
  0x000000001efda800 JavaThread "rebel-CacheKeepAlive" daemon [_thread_blocked, id=45708, stack(0x000000001fd20000,0x000000001fe20000)]
  0x000000001ef1b800 JavaThread "rebel-logger" daemon [_thread_blocked, id=38204, stack(0x000000001fc20000,0x000000001fd20000)]
  0x000000001d8f3000 JavaThread "Attach Listener" daemon [_thread_blocked, id=45656, stack(0x000000001eb20000,0x000000001ec20000)]
  0x000000001d8f1800 JavaThread "Signal Dispatcher" daemon [_thread_blocked, id=40952, stack(0x000000001ea20000,0x000000001eb20000)]
  0x0000000002922800 JavaThread "Finalizer" daemon [_thread_blocked, id=42112, stack(0x000000001e8c0000,0x000000001e9c0000)]
  0x000000001c5e3800 JavaThread "Reference Handler" daemon [_thread_blocked, id=33992, stack(0x000000001e7c0000,0x000000001e8c0000)]
=>0x0000000002837000 JavaThread "main" [_thread_in_native, id=36380, stack(0x0000000002730000,0x0000000002830000)]

Other Threads:
  0x000000001c5df800 VMThread [stack: 0x000000001e6c0000,0x000000001e7c0000] [id=45680]
  0x0000000021715800 WatcherThread [stack: 0x0000000022b70000,0x0000000022c70000] [id=19572]

VM state:not at safepoint (normal execution)

VM Mutex/Monitor currently owned by a thread: None

Heap:
 PSYoungGen      total 234496K, used 211807K [0x000000076b400000, 0x000000077ab00000, 0x00000007c0000000)
  eden space 217088K, 95% used [0x000000076b400000,0x0000000777f25740,0x0000000778800000)
  from space 17408K, 21% used [0x0000000778900000,0x0000000778cb26e0,0x0000000779a00000)
  to   space 16896K, 0% used [0x0000000779a80000,0x0000000779a80000,0x000000077ab00000)
 ParOldGen       total 126976K, used 21573K [0x00000006c1c00000, 0x00000006c9800000, 0x000000076b400000)
  object space 126976K, 16% used [0x00000006c1c00000,0x00000006c3111778,0x00000006c9800000)
 Metaspace       used 56834K, capacity 59584K, committed 59776K, reserved 1114112K
  class space    used 6991K, capacity 7454K, committed 7552K, reserved 1048576K

Card table byte_map: [0x0000000011f30000,0x0000000012730000] byte_map_base: 0x000000000e922000

Marking Bits: (ParMarkBitMap*) 0x000000005516c720
 Begin Bits: [0x0000000013480000, 0x0000000017410000)
 End Bits:   [0x0000000017410000, 0x000000001b3a0000)

Polling page: 0x0000000000610000

CodeCache: size=245760Kb used=12806Kb max_used=12806Kb free=232953Kb
 bounds [0x0000000002b70000, 0x0000000003800000, 0x0000000011b70000]
 total_blobs=7777 nmethods=7252 adapters=435
 compilation: enabled

Compilation events (10 events):
Event: 12.501 Thread 0x0000000021118800 7382   !   1       com.mysql.cj.conf.DefaultPropertySet::getProperty (80 bytes)
Event: 12.502 Thread 0x0000000021118800 nmethod 7382 0x00000000037f0750 code [0x00000000037f0900, 0x00000000037f0d78]
Event: 12.502 Thread 0x0000000021118800 7383   !   1       com.mysql.cj.conf.DefaultPropertySet::_jr$ldc1380 (6 bytes)
Event: 12.502 Thread 0x0000000021118800 nmethod 7383 0x00000000037f1050 code [0x00000000037f11a0, 0x00000000037f1290]
Event: 12.532 Thread 0x0000000021118800 7384       1       sun.util.PreHashedMap::_jr$ig$shift (8 bytes)
Event: 12.532 Thread 0x0000000021118800 nmethod 7384 0x00000000037f1310 code [0x00000000037f1460, 0x00000000037f1590]
Event: 12.532 Thread 0x0000000021118800 7385       1       sun.util.PreHashedMap::_jr$ig$mask (8 bytes)
Event: 12.532 Thread 0x0000000021118800 nmethod 7385 0x00000000037f1650 code [0x00000000037f17a0, 0x00000000037f18d0]
Event: 12.533 Thread 0x0000000021118800 7386       1       sun.util.PreHashedMap::get (91 bytes)
Event: 12.533 Thread 0x0000000021118800 nmethod 7386 0x00000000037f1990 code [0x00000000037f1b20, 0x00000000037f1e18]

GC Heap History (10 events):
Event: 11.215 GC heap before
{Heap before GC invocations=18 (full 3):
 PSYoungGen      total 220672K, used 1953K [0x000000076b400000, 0x000000077b700000, 0x00000007c0000000)
  eden space 207872K, 0% used [0x000000076b400000,0x000000076b5e8758,0x0000000777f00000)
  from space 12800K, 0% used [0x000000077aa80000,0x000000077aa80000,0x000000077b700000)
  to   space 12800K, 0% used [0x0000000777f00000,0x0000000777f00000,0x0000000778b80000)
 ParOldGen       total 126976K, used 25708K [0x00000006c1c00000, 0x00000006c9800000, 0x000000076b400000)
  object space 126976K, 20% used [0x00000006c1c00000,0x00000006c351b2c0,0x00000006c9800000)
 Metaspace       used 51422K, capacity 54080K, committed 54144K, reserved 1114112K
  class space    used 6527K, capacity 7018K, committed 7040K, reserved 1048576K
Event: 11.216 GC heap after
Heap after GC invocations=18 (full 3):
 PSYoungGen      total 220672K, used 224K [0x000000076b400000, 0x000000077b700000, 0x00000007c0000000)
  eden space 207872K, 0% used [0x000000076b400000,0x000000076b400000,0x0000000777f00000)
  from space 12800K, 1% used [0x0000000777f00000,0x0000000777f38000,0x0000000778b80000)
  to   space 12800K, 0% used [0x000000077aa80000,0x000000077aa80000,0x000000077b700000)
 ParOldGen       total 126976K, used 25708K [0x00000006c1c00000, 0x00000006c9800000, 0x000000076b400000)
  object space 126976K, 20% used [0x00000006c1c00000,0x00000006c351b2c0,0x00000006c9800000)
 Metaspace       used 51422K, capacity 54080K, committed 54144K, reserved 1114112K
  class space    used 6527K, capacity 7018K, committed 7040K, reserved 1048576K
}
Event: 11.216 GC heap before
{Heap before GC invocations=19 (full 4):
 PSYoungGen      total 220672K, used 224K [0x000000076b400000, 0x000000077b700000, 0x00000007c0000000)
  eden space 207872K, 0% used [0x000000076b400000,0x000000076b400000,0x0000000777f00000)
  from space 12800K, 1% used [0x0000000777f00000,0x0000000777f38000,0x0000000778b80000)
  to   space 12800K, 0% used [0x000000077aa80000,0x000000077aa80000,0x000000077b700000)
 ParOldGen       total 126976K, used 25708K [0x00000006c1c00000, 0x00000006c9800000, 0x000000076b400000)
  object space 126976K, 20% used [0x00000006c1c00000,0x00000006c351b2c0,0x00000006c9800000)
 Metaspace       used 51422K, capacity 54080K, committed 54144K, reserved 1114112K
  class space    used 6527K, capacity 7018K, committed 7040K, reserved 1048576K
Event: 11.275 GC heap after
Heap after GC invocations=19 (full 4):
 PSYoungGen      total 220672K, used 0K [0x000000076b400000, 0x000000077b700000, 0x00000007c0000000)
  eden space 207872K, 0% used [0x000000076b400000,0x000000076b400000,0x0000000777f00000)
  from space 12800K, 0% used [0x0000000777f00000,0x0000000777f00000,0x0000000778b80000)
  to   space 12800K, 0% used [0x000000077aa80000,0x000000077aa80000,0x000000077b700000)
 ParOldGen       total 126976K, used 24379K [0x00000006c1c00000, 0x00000006c9800000, 0x000000076b400000)
  object space 126976K, 19% used [0x00000006c1c00000,0x00000006c33cec28,0x00000006c9800000)
 Metaspace       used 51422K, capacity 54080K, committed 54144K, reserved 1110016K
  class space    used 6527K, capacity 7018K, committed 7040K, reserved 1048576K
}
Event: 11.275 GC heap before
{Heap before GC invocations=20 (full 4):
 PSYoungGen      total 220672K, used 0K [0x000000076b400000, 0x000000077b700000, 0x00000007c0000000)
  eden space 207872K, 0% used [0x000000076b400000,0x000000076b400000,0x0000000777f00000)
  from space 12800K, 0% used [0x0000000777f00000,0x0000000777f00000,0x0000000778b80000)
  to   space 12800K, 0% used [0x000000077aa80000,0x000000077aa80000,0x000000077b700000)
 ParOldGen       total 126976K, used 24379K [0x00000006c1c00000, 0x00000006c9800000, 0x000000076b400000)
  object space 126976K, 19% used [0x00000006c1c00000,0x00000006c33cec28,0x00000006c9800000)
 Metaspace       used 51422K, capacity 54080K, committed 54144K, reserved 1114112K
  class space    used 6527K, capacity 7018K, committed 7040K, reserved 1048576K
Event: 11.277 GC heap after
Heap after GC invocations=20 (full 4):
 PSYoungGen      total 215040K, used 0K [0x000000076b400000, 0x000000077ab00000, 0x00000007c0000000)
  eden space 214528K, 0% used [0x000000076b400000,0x000000076b400000,0x0000000778580000)
  from space 512K, 0% used [0x000000077aa80000,0x000000077aa80000,0x000000077ab00000)
  to   space 17408K, 0% used [0x0000000778900000,0x0000000778900000,0x0000000779a00000)
 ParOldGen       total 126976K, used 24379K [0x00000006c1c00000, 0x00000006c9800000, 0x000000076b400000)
  object space 126976K, 19% used [0x00000006c1c00000,0x00000006c33cec28,0x00000006c9800000)
 Metaspace       used 51422K, capacity 54080K, committed 54144K, reserved 1114112K
  class space    used 6527K, capacity 7018K, committed 7040K, reserved 1048576K
}
Event: 11.277 GC heap before
{Heap before GC invocations=21 (full 5):
 PSYoungGen      total 215040K, used 0K [0x000000076b400000, 0x000000077ab00000, 0x00000007c0000000)
  eden space 214528K, 0% used [0x000000076b400000,0x000000076b400000,0x0000000778580000)
  from space 512K, 0% used [0x000000077aa80000,0x000000077aa80000,0x000000077ab00000)
  to   space 17408K, 0% used [0x0000000778900000,0x0000000778900000,0x0000000779a00000)
 ParOldGen       total 126976K, used 24379K [0x00000006c1c00000, 0x00000006c9800000, 0x000000076b400000)
  object space 126976K, 19% used [0x00000006c1c00000,0x00000006c33cec28,0x00000006c9800000)
 Metaspace       used 51422K, capacity 54080K, committed 54144K, reserved 1114112K
  class space    used 6527K, capacity 7018K, committed 7040K, reserved 1048576K
Event: 11.451 GC heap after
Heap after GC invocations=21 (full 5):
 PSYoungGen      total 215040K, used 0K [0x000000076b400000, 0x000000077ab00000, 0x00000007c0000000)
  eden space 214528K, 0% used [0x000000076b400000,0x000000076b400000,0x0000000778580000)
  from space 512K, 0% used [0x000000077aa80000,0x000000077aa80000,0x000000077ab00000)
  to   space 17408K, 0% used [0x0000000778900000,0x0000000778900000,0x0000000779a00000)
 ParOldGen       total 126976K, used 21565K [0x00000006c1c00000, 0x00000006c9800000, 0x000000076b400000)
  object space 126976K, 16% used [0x00000006c1c00000,0x00000006c310f778,0x00000006c9800000)
 Metaspace       used 51239K, capacity 53788K, committed 54144K, reserved 1110016K
  class space    used 6496K, capacity 6964K, committed 7040K, reserved 1048576K
}
Event: 11.843 GC heap before
{Heap before GC invocations=22 (full 5):
 PSYoungGen      total 215040K, used 214528K [0x000000076b400000, 0x000000077ab00000, 0x00000007c0000000)
  eden space 214528K, 100% used [0x000000076b400000,0x0000000778580000,0x0000000778580000)
  from space 512K, 0% used [0x000000077aa80000,0x000000077aa80000,0x000000077ab00000)
  to   space 17408K, 0% used [0x0000000778900000,0x0000000778900000,0x0000000779a00000)
 ParOldGen       total 126976K, used 21565K [0x00000006c1c00000, 0x00000006c9800000, 0x000000076b400000)
  object space 126976K, 16% used [0x00000006c1c00000,0x00000006c310f778,0x00000006c9800000)
 Metaspace       used 52971K, capacity 55574K, committed 56064K, reserved 1110016K
  class space    used 6651K, capacity 7103K, committed 7168K, reserved 1048576K
Event: 11.846 GC heap after
Heap after GC invocations=22 (full 5):
 PSYoungGen      total 234496K, used 3785K [0x000000076b400000, 0x000000077ab00000, 0x00000007c0000000)
  eden space 217088K, 0% used [0x000000076b400000,0x000000076b400000,0x0000000778800000)
  from space 17408K, 21% used [0x0000000778900000,0x0000000778cb26e0,0x0000000779a00000)
  to   space 16896K, 0% used [0x0000000779a80000,0x0000000779a80000,0x000000077ab00000)
 ParOldGen       total 126976K, used 21573K [0x00000006c1c00000, 0x00000006c9800000, 0x000000076b400000)
  object space 126976K, 16% used [0x00000006c1c00000,0x00000006c3111778,0x00000006c9800000)
 Metaspace       used 52971K, capacity 55574K, committed 56064K, reserved 1110016K
  class space    used 6651K, capacity 7103K, committed 7168K, reserved 1048576K
}

Deoptimization events (0 events):
No events

Internal exceptions (10 events):
Event: 12.284 Thread 0x0000000002837000 Exception <a 'java/lang/ArrayIndexOutOfBoundsException'> (0x0000000771db2c38) thrown at [C:\re\workspace\8-2-build-windows-amd64-cygwin\jdk8u131\8869\hotspot\src\share\vm\runtime\sharedRuntime.cpp, line 605]
Event: 12.286 Thread 0x0000000002837000 Exception <a 'java/lang/ArrayIndexOutOfBoundsException'> (0x0000000771e93488) thrown at [C:\re\workspace\8-2-build-windows-amd64-cygwin\jdk8u131\8869\hotspot\src\share\vm\runtime\sharedRuntime.cpp, line 605]
Event: 12.286 Thread 0x0000000002837000 Exception <a 'java/lang/ArrayIndexOutOfBoundsException'> (0x0000000771ea2980) thrown at [C:\re\workspace\8-2-build-windows-amd64-cygwin\jdk8u131\8869\hotspot\src\share\vm\runtime\sharedRuntime.cpp, line 605]
Event: 12.286 Thread 0x0000000002837000 Exception <a 'java/lang/ArrayIndexOutOfBoundsException'> (0x0000000771ebbdc8) thrown at [C:\re\workspace\8-2-build-windows-amd64-cygwin\jdk8u131\8869\hotspot\src\share\vm\runtime\sharedRuntime.cpp, line 605]
Event: 12.289 Thread 0x0000000002837000 Exception <a 'java/lang/ArrayIndexOutOfBoundsException'> (0x0000000771fa4e78) thrown at [C:\re\workspace\8-2-build-windows-amd64-cygwin\jdk8u131\8869\hotspot\src\share\vm\runtime\sharedRuntime.cpp, line 605]
Event: 12.289 Thread 0x0000000002837000 Exception <a 'java/lang/ArrayIndexOutOfBoundsException'> (0x0000000771fc4e50) thrown at [C:\re\workspace\8-2-build-windows-amd64-cygwin\jdk8u131\8869\hotspot\src\share\vm\runtime\sharedRuntime.cpp, line 605]
Event: 12.292 Thread 0x0000000002837000 Exception <a 'java/lang/ArrayIndexOutOfBoundsException'> (0x00000007720ca5b0) thrown at [C:\re\workspace\8-2-build-windows-amd64-cygwin\jdk8u131\8869\hotspot\src\share\vm\runtime\sharedRuntime.cpp, line 605]
Event: 12.298 Thread 0x0000000002837000 Exception <a 'java/lang/ArrayIndexOutOfBoundsException'> (0x0000000772329448) thrown at [C:\re\workspace\8-2-build-windows-amd64-cygwin\jdk8u131\8869\hotspot\src\share\vm\runtime\sharedRuntime.cpp, line 605]
Event: 12.299 Thread 0x0000000002837000 Exception <a 'java/lang/ArrayIndexOutOfBoundsException'> (0x00000007723771e0) thrown at [C:\re\workspace\8-2-build-windows-amd64-cygwin\jdk8u131\8869\hotspot\src\share\vm\runtime\sharedRuntime.cpp, line 605]
Event: 12.302 Thread 0x0000000002837000 Exception <a 'java/lang/ArrayIndexOutOfBoundsException'> (0x0000000772502e00) thrown at [C:\re\workspace\8-2-build-windows-amd64-cygwin\jdk8u131\8869\hotspot\src\share\vm\runtime\sharedRuntime.cpp, line 605]

Events (10 events):
Event: 12.534 loading class sun/nio/cs/ext/IBM943 done
Event: 12.534 loading class sun/nio/cs/ext/MS932
Event: 12.535 loading class sun/nio/cs/ext/MS932 done
Event: 12.535 loading class sun/nio/cs/ext/EUC_CN
Event: 12.536 loading class sun/nio/cs/ext/EUC_CN done
Event: 12.536 loading class sun/nio/cs/ext/EUC_JP
Event: 12.536 loading class sun/nio/cs/ext/EUC_JP done
Event: 12.536 loading class sun/nio/cs/ext/EUC_JP_Open
Event: 12.536 loading class sun/nio/cs/ext/EUC_JP_Open done
Event: 12.536 loading class sun/nio/cs/ext/GB18030


Dynamic libraries:
0x00007ff6a1320000 - 0x00007ff6a1357000 	D:\javaPath\jdk\bin\java.exe
0x00007ffcd6500000 - 0x00007ffcd66f0000 	C:\WINDOWS\SYSTEM32\ntdll.dll
0x00007ffcd56f0000 - 0x00007ffcd57a2000 	C:\WINDOWS\System32\KERNEL32.DLL
0x00007ffcd3ff0000 - 0x00007ffcd4295000 	C:\WINDOWS\System32\KERNELBASE.dll
0x00007ffcd4df0000 - 0x00007ffcd4e93000 	C:\WINDOWS\System32\ADVAPI32.dll
0x00007ffcd5ea0000 - 0x00007ffcd5f3e000 	C:\WINDOWS\System32\msvcrt.dll
0x00007ffcd47f0000 - 0x00007ffcd4887000 	C:\WINDOWS\System32\sechost.dll
0x00007ffcd55d0000 - 0x00007ffcd56f0000 	C:\WINDOWS\System32\RPCRT4.dll
0x00007ffcd4c50000 - 0x00007ffcd4de5000 	C:\WINDOWS\System32\USER32.dll
0x00007ffcd4580000 - 0x00007ffcd45a1000 	C:\WINDOWS\System32\win32u.dll
0x00007ffcd4610000 - 0x00007ffcd4636000 	C:\WINDOWS\System32\GDI32.dll
0x00007ffcd3e50000 - 0x00007ffcd3fe6000 	C:\WINDOWS\System32\gdi32full.dll
0x00007ffcd3490000 - 0x00007ffcd352e000 	C:\WINDOWS\System32\msvcp_win.dll
0x00007ffcd4460000 - 0x00007ffcd455a000 	C:\WINDOWS\System32\ucrtbase.dll
0x00007ffcc3d30000 - 0x00007ffcc3fb4000 	C:\WINDOWS\WinSxS\amd64_microsoft.windows.common-controls_6595b64144ccf1df_6.0.18362.1082_none_9e8193e1e45b25c1\COMCTL32.dll
0x00007ffcd6020000 - 0x00007ffcd6355000 	C:\WINDOWS\System32\combase.dll
0x00007ffcd43e0000 - 0x00007ffcd4460000 	C:\WINDOWS\System32\bcryptPrimitives.dll
0x00007ffcd46e0000 - 0x00007ffcd470e000 	C:\WINDOWS\System32\IMM32.DLL
0x0000000056aa0000 - 0x0000000056b72000 	D:\javaPath\jdk\jre\bin\msvcr100.dll
0x0000000054950000 - 0x00000000551ec000 	D:\javaPath\jdk\jre\bin\server\jvm.dll
0x00007ffcd5f40000 - 0x00007ffcd5f48000 	C:\WINDOWS\System32\PSAPI.DLL
0x00007ffcce8f0000 - 0x00007ffcce8fa000 	C:\WINDOWS\SYSTEM32\VERSION.dll
0x00007ffcc9b60000 - 0x00007ffcc9b84000 	C:\WINDOWS\SYSTEM32\WINMM.dll
0x00007ffccf6f0000 - 0x00007ffccf6f9000 	C:\WINDOWS\SYSTEM32\WSOCK32.dll
0x00007ffcd4be0000 - 0x00007ffcd4c4f000 	C:\WINDOWS\System32\WS2_32.dll
0x00007ffcc9910000 - 0x00007ffcc993d000 	C:\WINDOWS\SYSTEM32\winmmbase.dll
0x00007ffcd3e00000 - 0x00007ffcd3e4a000 	C:\WINDOWS\System32\cfgmgr32.dll
0x0000000056a90000 - 0x0000000056a9f000 	D:\javaPath\jdk\jre\bin\verify.dll
0x0000000056a60000 - 0x0000000056a89000 	D:\javaPath\jdk\jre\bin\java.dll
0x00007ffc90ab0000 - 0x00007ffc90aea000 	C:\Users\gzkemays\.IntelliJIdea2019.3\config\plugins\jr-ide-idea\lib\jrebel6\lib\jrebel64.dll
0x00007ffcd57b0000 - 0x00007ffcd5e97000 	C:\WINDOWS\System32\SHELL32.dll
0x00007ffcd6410000 - 0x00007ffcd64b9000 	C:\WINDOWS\System32\shcore.dll
0x00007ffcd3680000 - 0x00007ffcd3e00000 	C:\WINDOWS\System32\windows.storage.dll
0x00007ffcd3410000 - 0x00007ffcd3433000 	C:\WINDOWS\System32\profapi.dll
0x00007ffcd3440000 - 0x00007ffcd348a000 	C:\WINDOWS\System32\powrprof.dll
0x00007ffcd33c0000 - 0x00007ffcd33d0000 	C:\WINDOWS\System32\UMPDC.dll
0x00007ffcd4b80000 - 0x00007ffcd4bd2000 	C:\WINDOWS\System32\shlwapi.dll
0x00007ffcd33f0000 - 0x00007ffcd3401000 	C:\WINDOWS\System32\kernel.appcore.dll
0x00007ffcd4560000 - 0x00007ffcd4577000 	C:\WINDOWS\System32\cryptsp.dll
0x00007ffcd2de0000 - 0x00007ffcd2dec000 	C:\WINDOWS\SYSTEM32\CRYPTBASE.DLL
0x00000000569d0000 - 0x00000000569f3000 	D:\javaPath\jdk\jre\bin\instrument.dll
0x0000000056a40000 - 0x0000000056a56000 	D:\javaPath\jdk\jre\bin\zip.dll
0x0000000056510000 - 0x000000005651d000 	D:\javaPath\jdk\jre\bin\management.dll
0x0000000056a20000 - 0x0000000056a3a000 	D:\javaPath\jdk\jre\bin\net.dll
0x00007ffcd2c10000 - 0x00007ffcd2c77000 	C:\WINDOWS\system32\mswsock.dll
0x0000000056a00000 - 0x0000000056a11000 	D:\javaPath\jdk\jre\bin\nio.dll
0x00000000564e0000 - 0x0000000056504000 	D:\javaPath\jdk\jre\bin\sunec.dll
0x00007ffca4d10000 - 0x00007ffca4d2b000 	C:\Users\gzkemays\.jrebel\jrebel-temp\ver-531b2444\IdeaWin64.dll
0x00000000564d0000 - 0x00000000564db000 	D:\javaPath\jdk\jre\bin\sunmscapi.dll
0x00007ffcd3530000 - 0x00007ffcd3679000 	C:\WINDOWS\System32\CRYPT32.dll
0x00007ffcd33d0000 - 0x00007ffcd33e2000 	C:\WINDOWS\System32\MSASN1.dll
0x00007ffcd2920000 - 0x00007ffcd295a000 	C:\WINDOWS\SYSTEM32\IPHLPAPI.DLL
0x00007ffcd4710000 - 0x00007ffcd4718000 	C:\WINDOWS\System32\NSI.dll
0x00007ffccdcc0000 - 0x00007ffccdcd6000 	C:\WINDOWS\SYSTEM32\dhcpcsvc6.DLL
0x00007ffccdbb0000 - 0x00007ffccdbcc000 	C:\WINDOWS\SYSTEM32\dhcpcsvc.DLL
0x00007ffcd2960000 - 0x00007ffcd2a2b000 	C:\WINDOWS\SYSTEM32\DNSAPI.dll
0x00007ffcd2720000 - 0x00007ffcd2753000 	C:\WINDOWS\system32\rsaenh.dll
0x00007ffcd43b0000 - 0x00007ffcd43d6000 	C:\WINDOWS\System32\bcrypt.dll
0x00007ffcd32e0000 - 0x00007ffcd3305000 	C:\WINDOWS\SYSTEM32\USERENV.dll
0x00007ffc9b210000 - 0x00007ffc9b22a000 	F:\IntelliJ IDEA 2019.3.3\bin\breakgen64.dll
0x000000005a6f0000 - 0x000000005a716000 	C:\Program Files\Bonjour\mdnsNSP.dll
0x00007ffccb4d0000 - 0x00007ffccb4da000 	C:\Windows\System32\rasadhlp.dll
0x00007ffcccfc0000 - 0x00007ffccd037000 	C:\WINDOWS\System32\fwpuclnt.dll
0x00007ffcbe3c0000 - 0x00007ffcbe3d6000 	C:\WINDOWS\system32\napinsp.dll
0x00007ffcbd850000 - 0x00007ffcbd86a000 	C:\WINDOWS\system32\pnrpnsp.dll
0x00007ffcc3fe0000 - 0x00007ffcc3fee000 	C:\WINDOWS\System32\winrnr.dll
0x00007ffcce630000 - 0x00007ffcce64c000 	C:\WINDOWS\system32\NLAapi.dll
0x00007ffcbb6b0000 - 0x00007ffcbb6c5000 	C:\WINDOWS\system32\wshbth.dll

VM Arguments:
jvm_args: -Drebel.base=C:\Users\gzkemays\.jrebel -Drebel.env.ide.plugin.version=2020.2.4.1 -Drebel.env.ide.version=2019.3.3 -Drebel.env.ide.product=IU -Drebel.env.ide=intellij -Drebel.notification.url=http://localhost:2282 -agentpath:C:\Users\gzkemays\.IntelliJIdea2019.3\config\plugins\jr-ide-idea\lib\jrebel6\lib\jrebel64.dll -XX:TieredStopAtLevel=1 -Xverify:none -Dspring.output.ansi.enabled=always -Dcom.sun.management.jmxremote -Dspring.jmx.enabled=true -Dspring.liveBeansView.mbeanDomain -Dspring.application.admin.enabled=true -javaagent:F:\IntelliJ IDEA 2019.3.3\lib\idea_rt.jar=7751:F:\IntelliJ IDEA 2019.3.3\bin -Dfile.encoding=UTF-8 
java_command: com.gzkemays.mushroom_sign.SigninApplication
java_class_path (initial): D:\javaPath\jdk\jre\lib\charsets.jar;D:\javaPath\jdk\jre\lib\deploy.jar;D:\javaPath\jdk\jre\lib\ext\access-bridge-64.jar;D:\javaPath\jdk\jre\lib\ext\cldrdata.jar;D:\javaPath\jdk\jre\lib\ext\dnsns.jar;D:\javaPath\jdk\jre\lib\ext\jaccess.jar;D:\javaPath\jdk\jre\lib\ext\jfxrt.jar;D:\javaPath\jdk\jre\lib\ext\localedata.jar;D:\javaPath\jdk\jre\lib\ext\nashorn.jar;D:\javaPath\jdk\jre\lib\ext\sunec.jar;D:\javaPath\jdk\jre\lib\ext\sunjce_provider.jar;D:\javaPath\jdk\jre\lib\ext\sunmscapi.jar;D:\javaPath\jdk\jre\lib\ext\sunpkcs11.jar;D:\javaPath\jdk\jre\lib\ext\zipfs.jar;D:\javaPath\jdk\jre\lib\javaws.jar;D:\javaPath\jdk\jre\lib\jce.jar;D:\javaPath\jdk\jre\lib\jfr.jar;D:\javaPath\jdk\jre\lib\jfxswt.jar;D:\javaPath\jdk\jre\lib\jsse.jar;D:\javaPath\jdk\jre\lib\management-agent.jar;D:\javaPath\jdk\jre\lib\plugin.jar;D:\javaPath\jdk\jre\lib\resources.jar;D:\javaPath\jdk\jre\lib\rt.jar;D:\ProjectLearn\mushroom\target\classes;D:\MavenJar\org\springframework\boot\spring-boot-starter-data-jpa\2.3.1.RELEASE\spring-boot-starter-data-jpa-2.3.1.RELEASE.jar;D:\MavenJar\org\springframework\boot\spring-boot-starter-aop\2.3.1.RELEASE\spring-boot-starter-aop-2.3.1.RELEASE.jar;D:\MavenJar\org\springframework\spring-aop\5.2.7.RELEASE\spring-aop-5.2.7.RELEASE.jar;D:\MavenJar\org\aspectj\aspectjweaver\1.9.5\aspectjweaver-1.9.5.jar;D:\MavenJar\org\springframework\boot\spring-boot-starter-jdbc\2.3.1.RELEASE\spring-boot-starter-jdbc-2.3.1.RELEASE.jar;D:\MavenJar\com\zaxxer\HikariCP\3.4.5\HikariCP-3.4.5.jar;D:\MavenJar\org\springframework\spring-jdbc\5.2.7.RELEASE\spring-jdbc-5.2.7.RELEASE.jar;D:\MavenJar\jakarta\transaction\jakarta.transaction-api\1.3.3\jakarta.transaction-api-1.3.3.jar;D:\MavenJar\jakarta\persistence\jakarta.persistence-api\2.2.3\jakarta.persistence-api-2.2.3.jar;D:\MavenJar\org\hibernate\hibernate-core\5.4.17.Final\hibernate-core-5.4.17.Final.jar;D:\MavenJar\org\jboss\logging\jboss-logging\3.4.1.Final\jboss-logging-3.4.1.Final.jar;D:\MavenJar\org\java
Launcher Type: SUN_STANDARD

Environment Variables:
JAVA_HOME=D:\javaPath\jdk
CLASSPATH=. ;D:\javaPath\jdk\lib\dt.jar;D:\javaPath\jdk\lib\tools.jar;
PATH=C:\Program Files (x86)\Common Files\Oracle\Java\javapath;C:\ProgramData\Oracle\Java\javapath;C:\WINDOWS\system32;C:\WINDOWS;C:\WINDOWS\System32\Wbem;C:\WINDOWS\System32\WindowsPowerShell\v1.0\;D:\javaPath\jdk\bin;D:\javaPath\jdk\jre\bin;";D:\mysql\mysql-8.0.18-winx64\bin";C:\WINDOWS\System32\OpenSSH\;C:\Program Files (x86)\NVIDIA Corporation\PhysX\Common;C:\Program Files\NVIDIA Corporation\NVIDIA NvDLISR;F:\Git\cmd;F:\node;F:\node\node_global;F:\node\node_global\node_modules\@vue;C:\Users\gzkemays\AppData\Roaming\npm;F:\IntelliJ IDEA 2019.3.3\plugins\maven\lib\maven3\bin;D:\xampp\php\pip.ini;D:\xampp\php;F:\New Folder\;C:\Program Files\TortoiseSVN\bin;C:\Users\gzkemays\Desktop\mysql-connector-java-8.0.19.jar;C:\Program Files (x86)\Microsoft SQL Server\100\Tools\Binn\;C:\Program Files\Microsoft SQL Server\100\Tools\Binn\;C:\Program Files\Microsoft SQL Server\100\DTS\Binn\;C:\Program Files (x86)\Microsoft SQL Server\100\Tools\Binn\VSShell\Common7\IDE\;C:\Program Files (x86)\Microsoft SQL Server\100\DTS\Binn\;";F:\mysql5.7\mysql-5.7.31-win32\bin";F:\VisualSVN Server\bin;F:\python\Scripts\;F:\python\;C:\Users\gzkemays\AppData\Local\Microsoft\WindowsApps;F:\IntelliJ IDEA 2019.3.3\bin;F:\Microsoft VS Code\bin;C:\Users\gzkemays\AppData\Roaming\npm;F:\WebStorm 2019.3.3\bin;C:\Program Files (x86)\Google\Chrome\Application;C:\Users\gzkemays\AppData\Local\ComposerSetup\bin;C:\Users\gzkemays\AppData\Roaming\Composer\vendor\bin;C:\Users\gzkemays\AppData\Local\GitHubDesktop\bin
USERNAME=gzkemays
OS=Windows_NT
PROCESSOR_IDENTIFIER=Intel64 Family 6 Model 158 Stepping 9, GenuineIntel



---------------  S Y S T E M  ---------------

OS: Windows 10.0 , 64 bit Build 18362 (10.0.18362.1082)

CPU:total 8 (initial active 8) (4 cores per cpu, 2 threads per core) family 6 model 158 stepping 9, cmov, cx8, fxsr, mmx, sse, sse2, sse3, ssse3, sse4.1, sse4.2, popcnt, avx, avx2, aes, clmul, erms, 3dnowpref, lzcnt, ht, tsc, tscinvbit, bmi1, bmi2, adx

Memory: 4k page, physical 16655548k(4044660k free), swap 25044156k(1316k free)

vm_info: Java HotSpot(TM) 64-Bit Server VM (25.131-b11) for windows-amd64 JRE (1.8.0_131-b11), built on Mar 15 2017 01:23:53 by "java_re" with MS VC++ 10.0 (VS2010)

time: Tue Sep 29 14:35:58 2020
elapsed time: 12 seconds (0d 0h 0m 12s)

